<?xml version="1.0" encoding="UTF-8"?>
<testsuite xmlns:xsi="http://www.w3.org/2001/XMLSchema-instance" xsi:noNamespaceSchemaLocation="https://maven.apache.org/surefire/maven-surefire-plugin/xsd/surefire-test-report-3.0.xsd" version="3.0" name="com.yourcompany.cafeteria.service.ExpenseServiceTest" time="0.137" tests="2" errors="0" skipped="0" failures="0">
  <properties>
[...]
</properties>
  <testcase name="testRecordInvalidExpense" classname="com.yourcompany.cafeteria.service.ExpenseServiceTest" time="0.062">
    <system-err><![CDATA[[main] INFO org.flywaydb.core.FlywayExecutor - Database: jdbc:h2:mem:testdb (H2 2.2)
[main] INFO org.flywaydb.core.internal.schemahistory.JdbcTableSchemaHistory - Schema history table "PUBLIC"."flyway_schema_history" does not exist yet
[main] INFO org.flywaydb.core.internal.command.DbValidate - Successfully validated 4 migrations (execution time 00:00.001s)
[main] INFO org.flywaydb.core.internal.schemahistory.JdbcTableSchemaHistory - Creating Schema History table "PUBLIC"."flyway_schema_history" ...
[main] INFO org.flywaydb.core.internal.command.DbMigrate - Current version of schema "PUBLIC": << Empty Schema >>
[main] INFO org.flywaydb.core.internal.command.DbMigrate - Migrating schema "PUBLIC" to version "1 - Initial"
[main] INFO org.flywaydb.core.internal.command.DbMigrate - Migrating schema "PUBLIC" to version "2 - Seed"
[main] INFO org.flywaydb.core.internal.command.DbMigrate - Migrating schema "PUBLIC" to version "3 - Reports Indexes"
[main] INFO org.flywaydb.core.internal.command.DbMigrate - Migrating schema "PUBLIC" to version "4 - Defaults"
[main] INFO org.flywaydb.core.internal.command.DbMigrate - Successfully applied 4 migrations to schema "PUBLIC", now at version v4 (execution time 00:00.009s)
]]></system-err>
  </testcase>
  <testcase name="testRecordAndListExpense" classname="com.yourcompany.cafeteria.service.ExpenseServiceTest" time="0.067">
    <system-err><![CDATA[[main] INFO org.flywaydb.core.FlywayExecutor - Database: jdbc:h2:mem:testdb (H2 2.2)
[main] INFO org.flywaydb.core.internal.schemahistory.JdbcTableSchemaHistory - Schema history table "PUBLIC"."flyway_schema_history" does not exist yet
[main] INFO org.flywaydb.core.internal.command.DbValidate - Successfully validated 4 migrations (execution time 00:00.001s)
[main] INFO org.flywaydb.core.internal.schemahistory.JdbcTableSchemaHistory - Creating Schema History table "PUBLIC"."flyway_schema_history" ...
[main] INFO org.flywaydb.core.internal.command.DbMigrate - Current version of schema "PUBLIC": << Empty Schema >>
[main] INFO org.flywaydb.core.internal.command.DbMigrate - Migrating schema "PUBLIC" to version "1 - Initial"
[main] INFO org.flywaydb.core.internal.command.DbMigrate - Migrating schema "PUBLIC" to version "2 - Seed"
[main] INFO org.flywaydb.core.internal.command.DbMigrate - Migrating schema "PUBLIC" to version "3 - Reports Indexes"
[main] INFO org.flywaydb.core.internal.command.DbMigrate - Migrating schema "PUBLIC" to version "4 - Defaults"
[main] INFO org.flywaydb.core.internal.command.DbMigrate - Successfully applied 4 migrations to schema "PUBLIC", now at version v4 (execution time 00:00.015s)
]]></system-err>
  </testcase>
</testsuite>