<?xml version="1.0" encoding="UTF-8"?>
<testsuite xmlns:xsi="http://www.w3.org/2001/XMLSchema-instance" xsi:noNamespaceSchemaLocation="https://maven.apache.org/surefire/maven-surefire-plugin/xsd/surefire-test-report-3.0.xsd" version="3.0" name="com.yourcompany.cafeteria.ui.SettingsViewTest" time="27.227" tests="1" errors="0" skipped="0" failures="1">
  <properties>
[...]
</properties>
  <testcase name="settings_should_list_printers_and_save(FxRobot)" classname="com.yourcompany.cafeteria.ui.SettingsViewTest" time="27.034">
    <failure message="expected: &lt;true&gt; but was: &lt;false&gt;" type="org.opentest4j.AssertionFailedError"><![CDATA[org.opentest4j.AssertionFailedError: expected: <true> but was: <false>
	at org.junit.jupiter.api.AssertionFailureBuilder.build(AssertionFailureBuilder.java:151)
	at org.junit.jupiter.api.AssertionFailureBuilder.buildAndThrow(AssertionFailureBuilder.java:132)
	at org.junit.jupiter.api.AssertTrue.failNotTrue(AssertTrue.java:63)
	at org.junit.jupiter.api.AssertTrue.assertTrue(AssertTrue.java:36)
	at org.junit.jupiter.api.AssertTrue.assertTrue(AssertTrue.java:31)
	at org.junit.jupiter.api.Assertions.assertTrue(Assertions.java:183)
	at com.yourcompany.cafeteria.ui.SettingsViewTest.settings_should_list_printers_and_save(SettingsViewTest.java:88)
	at java.base/java.lang.reflect.Method.invoke(Method.java:580)
	at java.base/java.util.ArrayList.forEach(ArrayList.java:1596)
	at java.base/java.util.ArrayList.forEach(ArrayList.java:1596)
]]></failure>
    <system-out><![CDATA[Printer combo items: [Send To OneNote 2013, Microsoft XPS Document Writer, Microsoft Print to PDF, HP Universal Printing PCL 5 (v6.1.0) (Copy 1), hp LaserJet 1010 HB, HP LaserJet 1010, Fax]
Selected printer: Send To OneNote 2013
Testing Test Print button click...
Status after Test Print: ''
Settings table has 3 rows
Direct save test: printer.default = Test Printer
Status label text: ''
Status label visible: true
Status label managed: true
]]></system-out>
    <system-err><![CDATA[سبتمبر ٠٣, ٢٠٢٥ ٩:٥٦:٢٨ م com.sun.javafx.application.PlatformImpl startup
WARNING: Unsupported JavaFX configuration: classes were loaded from 'unnamed module @7403c468'
[JavaFX Application Thread] INFO org.flywaydb.core.FlywayExecutor - Database: jdbc:h2:mem:cafeteria_test (H2 2.2)
[JavaFX Application Thread] INFO org.flywaydb.core.internal.schemahistory.JdbcTableSchemaHistory - Schema history table "PUBLIC"."flyway_schema_history" does not exist yet
[JavaFX Application Thread] INFO org.flywaydb.core.internal.command.DbValidate - Successfully validated ٤ migrations (execution time ٠٠:٠٠.٣٣٧s)
[JavaFX Application Thread] INFO org.flywaydb.core.internal.schemahistory.JdbcTableSchemaHistory - Creating Schema History table "PUBLIC"."flyway_schema_history" ...
[JavaFX Application Thread] INFO org.flywaydb.core.internal.command.DbMigrate - Current version of schema "PUBLIC": << Empty Schema >>
[JavaFX Application Thread] INFO org.flywaydb.core.internal.command.DbMigrate - Migrating schema "PUBLIC" to version "1 - Initial"
[JavaFX Application Thread] INFO org.flywaydb.core.internal.command.DbMigrate - Migrating schema "PUBLIC" to version "2 - Seed"
[JavaFX Application Thread] INFO org.flywaydb.core.internal.command.DbMigrate - Migrating schema "PUBLIC" to version "3 - Reports Indexes"
[JavaFX Application Thread] INFO org.flywaydb.core.internal.command.DbMigrate - Migrating schema "PUBLIC" to version "4 - Defaults"
[JavaFX Application Thread] INFO org.flywaydb.core.internal.command.DbMigrate - Successfully applied 4 migrations to schema "PUBLIC", now at version v4 (execution time ٠٠:٠٠.٧٣٧s)
]]></system-err>
  </testcase>
</testsuite>